app/build/intermediates/manifest_merge_blame_file/debug/processDebugMainManifest/manifest-merger-blame-debug-report.txt
1<?xml version="1.0" encoding="utf-8"?>
2<manifest xmlns:android="http://schemas.android.com/apk/res/android"
3    package="com.bhuvaneshw.pdfviewer"
4    android:versionCode="111"
5    android:versionName="1.1.1" >
6
7    <uses-sdk
8        android:minSdkVersion="23"
9        android:targetSdkVersion="35" />
10
11    <uses-permission android:name="android.permission.INTERNET" />
11-->src\main\AndroidManifest.xml:5:5-67
11-->src\main\AndroidManifest.xml:5:22-64
12
13    <permission
13-->[androidx.core:core:1.16.0] AndroidManifest.xml:22:5-24:47
14        android:name="com.bhuvaneshw.pdfviewer.DYNAMIC_RECEIVER_NOT_EXPORTED_PERMISSION"
14-->[androidx.core:core:1.16.0] AndroidManifest.xml:23:9-81
15        android:protectionLevel="signature" />
15-->[androidx.core:core:1.16.0] AndroidManifest.xml:24:9-44
16
17    <uses-permission android:name="com.bhuvaneshw.pdfviewer.DYNAMIC_RECEIVER_NOT_EXPORTED_PERMISSION" />
17-->[androidx.core:core:1.16.0] AndroidManifest.xml:26:5-97
17-->[androidx.core:core:1.16.0] AndroidManifest.xml:26:22-94
18
19    <application
19-->src\main\AndroidManifest.xml:9:5-91:19
20        android:allowBackup="true"
20-->src\main\AndroidManifest.xml:10:9-35
21        android:appComponentFactory="androidx.core.app.CoreComponentFactory"
21-->[androidx.core:core:1.16.0] AndroidManifest.xml:28:18-86
22        android:dataExtractionRules="@xml/data_extraction_rules"
22-->src\main\AndroidManifest.xml:11:9-65
23        android:debuggable="true"
24        android:extractNativeLibs="false"
25        android:fullBackupContent="@xml/backup_rules"
25-->src\main\AndroidManifest.xml:12:9-54
26        android:icon="@mipmap/ic_launcher"
26-->src\main\AndroidManifest.xml:13:9-43
27        android:label="@string/app_name"
27-->src\main\AndroidManifest.xml:14:9-41
28        android:roundIcon="@mipmap/ic_launcher_round"
28-->src\main\AndroidManifest.xml:15:9-54
29        android:supportsRtl="true"
29-->src\main\AndroidManifest.xml:16:9-35
30        android:testOnly="true"
31        android:theme="@style/AppTheme" >
31-->src\main\AndroidManifest.xml:17:9-40
32        <provider
33            android:name="androidx.core.content.FileProvider"
33-->src\main\AndroidManifest.xml:20:13-62
34            android:authorities="com.bhuvaneshw.pdfviewer.fileprovider"
34-->src\main\AndroidManifest.xml:21:13-64
35            android:exported="false"
35-->src\main\AndroidManifest.xml:22:13-37
36            android:grantUriPermissions="true" >
36-->src\main\AndroidManifest.xml:23:13-47
37            <meta-data
37-->src\main\AndroidManifest.xml:24:13-26:54
38                android:name="android.support.FILE_PROVIDER_PATHS"
38-->src\main\AndroidManifest.xml:25:17-67
39                android:resource="@xml/file_paths" />
39-->src\main\AndroidManifest.xml:26:17-51
40        </provider>
41
42        <activity
42-->src\main\AndroidManifest.xml:28:9-36:20
43            android:name="com.bhuvaneshw.pdfviewer.MainActivity"
43-->src\main\AndroidManifest.xml:29:13-41
44            android:configChanges="keyboard|keyboardHidden|orientation|screenSize|uiMode"
44-->src\main\AndroidManifest.xml:30:13-90
45            android:exported="true" >
45-->src\main\AndroidManifest.xml:31:13-36
46            <intent-filter>
46-->src\main\AndroidManifest.xml:32:13-35:29
47                <action android:name="android.intent.action.MAIN" />
47-->src\main\AndroidManifest.xml:33:17-69
47-->src\main\AndroidManifest.xml:33:25-66
48
49                <category android:name="android.intent.category.LAUNCHER" />
49-->src\main\AndroidManifest.xml:34:17-77
49-->src\main\AndroidManifest.xml:34:27-74
50            </intent-filter>
51        </activity>
52        <activity
52-->src\main\AndroidManifest.xml:40:9-53:20
53            android:name="com.bhuvaneshw.pdfviewer.PdfViewerActivity"
53-->src\main\AndroidManifest.xml:41:13-46
54            android:configChanges="keyboard|keyboardHidden|orientation|screenSize|uiMode"
54-->src\main\AndroidManifest.xml:42:13-90
55            android:exported="true"
55-->src\main\AndroidManifest.xml:43:13-36
56            android:label="Pdf Viewer" >
56-->src\main\AndroidManifest.xml:44:13-39
57            <intent-filter>
57-->src\main\AndroidManifest.xml:45:13-52:29
58                <action android:name="android.intent.action.VIEW" />
58-->src\main\AndroidManifest.xml:46:17-69
58-->src\main\AndroidManifest.xml:46:25-66
59
60                <category android:name="android.intent.category.DEFAULT" />
60-->src\main\AndroidManifest.xml:48:17-76
60-->src\main\AndroidManifest.xml:48:27-73
61                <category android:name="android.intent.category.BROWSABLE" />
61-->src\main\AndroidManifest.xml:49:17-78
61-->src\main\AndroidManifest.xml:49:27-75
62
63                <data android:mimeType="application/pdf" />
63-->src\main\AndroidManifest.xml:51:17-60
63-->src\main\AndroidManifest.xml:51:23-57
64            </intent-filter>
65        </activity>
66        <activity
66-->src\main\AndroidManifest.xml:55:9-68:20
67            android:name="com.bhuvaneshw.pdfviewer.ComposePdfViewerActivity"
67-->src\main\AndroidManifest.xml:56:13-53
68            android:configChanges="keyboard|keyboardHidden|orientation|screenSize|uiMode"
68-->src\main\AndroidManifest.xml:57:13-90
69            android:exported="true"
69-->src\main\AndroidManifest.xml:58:13-36
70            android:label="Compose Pdf Viewer" >
70-->src\main\AndroidManifest.xml:59:13-47
71            <intent-filter>
71-->src\main\AndroidManifest.xml:45:13-52:29
72                <action android:name="android.intent.action.VIEW" />
72-->src\main\AndroidManifest.xml:46:17-69
72-->src\main\AndroidManifest.xml:46:25-66
73
74                <category android:name="android.intent.category.DEFAULT" />
74-->src\main\AndroidManifest.xml:48:17-76
74-->src\main\AndroidManifest.xml:48:27-73
75                <category android:name="android.intent.category.BROWSABLE" />
75-->src\main\AndroidManifest.xml:49:17-78
75-->src\main\AndroidManifest.xml:49:27-75
76
77                <data android:mimeType="application/pdf" />
77-->src\main\AndroidManifest.xml:51:17-60
77-->src\main\AndroidManifest.xml:51:23-57
78            </intent-filter>
79        </activity>
80        <activity
80-->src\main\AndroidManifest.xml:71:9-84:20
81            android:name="com.bhuvaneshw.pdfviewer.PdfJsViewerActivity"
81-->src\main\AndroidManifest.xml:72:13-48
82            android:configChanges="keyboard|keyboardHidden|orientation|screenSize|uiMode"
82-->src\main\AndroidManifest.xml:73:13-90
83            android:exported="true"
83-->src\main\AndroidManifest.xml:74:13-36
84            android:label="Compose Pdf Viewer" >
84-->src\main\AndroidManifest.xml:75:13-47
85            <intent-filter>
85-->src\main\AndroidManifest.xml:45:13-52:29
86                <action android:name="android.intent.action.VIEW" />
86-->src\main\AndroidManifest.xml:46:17-69
86-->src\main\AndroidManifest.xml:46:25-66
87
88                <category android:name="android.intent.category.DEFAULT" />
88-->src\main\AndroidManifest.xml:48:17-76
88-->src\main\AndroidManifest.xml:48:27-73
89                <category android:name="android.intent.category.BROWSABLE" />
89-->src\main\AndroidManifest.xml:49:17-78
89-->src\main\AndroidManifest.xml:49:27-75
90
91                <data android:mimeType="application/pdf" />
91-->src\main\AndroidManifest.xml:51:17-60
91-->src\main\AndroidManifest.xml:51:23-57
92            </intent-filter>
93        </activity>
94        <activity
94-->src\main\AndroidManifest.xml:87:9-89:40
95            android:name="com.bhuvaneshw.pdfviewer.UsedLibrariesActivity"
95-->src\main\AndroidManifest.xml:88:13-50
96            android:exported="false" />
96-->src\main\AndroidManifest.xml:89:13-37
97        <activity
97-->[androidx.compose.ui:ui-tooling-android:1.7.8] AndroidManifest.xml:23:9-25:39
98            android:name="androidx.compose.ui.tooling.PreviewActivity"
98-->[androidx.compose.ui:ui-tooling-android:1.7.8] AndroidManifest.xml:24:13-71
99            android:exported="true" />
99-->[androidx.compose.ui:ui-tooling-android:1.7.8] AndroidManifest.xml:25:13-36
100        <activity
100-->[androidx.compose.ui:ui-test-manifest:1.7.8] AndroidManifest.xml:23:9-25:39
101            android:name="androidx.activity.ComponentActivity"
101-->[androidx.compose.ui:ui-test-manifest:1.7.8] AndroidManifest.xml:24:13-63
102            android:exported="true" />
102-->[androidx.compose.ui:ui-test-manifest:1.7.8] AndroidManifest.xml:25:13-36
103
104        <provider
104-->[androidx.emoji2:emoji2:1.3.0] AndroidManifest.xml:24:9-32:20
105            android:name="androidx.startup.InitializationProvider"
105-->[androidx.emoji2:emoji2:1.3.0] AndroidManifest.xml:25:13-67
106            android:authorities="com.bhuvaneshw.pdfviewer.androidx-startup"
106-->[androidx.emoji2:emoji2:1.3.0] AndroidManifest.xml:26:13-68
107            android:exported="false" >
107-->[androidx.emoji2:emoji2:1.3.0] AndroidManifest.xml:27:13-37
108            <meta-data
108-->[androidx.emoji2:emoji2:1.3.0] AndroidManifest.xml:29:13-31:52
109                android:name="androidx.emoji2.text.EmojiCompatInitializer"
109-->[androidx.emoji2:emoji2:1.3.0] AndroidManifest.xml:30:17-75
110                android:value="androidx.startup" />
110-->[androidx.emoji2:emoji2:1.3.0] AndroidManifest.xml:31:17-49
111            <meta-data
111-->[androidx.lifecycle:lifecycle-process:2.8.7] AndroidManifest.xml:29:13-31:52
112                android:name="androidx.lifecycle.ProcessLifecycleInitializer"
112-->[androidx.lifecycle:lifecycle-process:2.8.7] AndroidManifest.xml:30:17-78
113                android:value="androidx.startup" />
113-->[androidx.lifecycle:lifecycle-process:2.8.7] AndroidManifest.xml:31:17-49
114            <meta-data
114-->[androidx.profileinstaller:profileinstaller:1.4.0] AndroidManifest.xml:29:13-31:52
115                android:name="androidx.profileinstaller.ProfileInstallerInitializer"
115-->[androidx.profileinstaller:profileinstaller:1.4.0] AndroidManifest.xml:30:17-85
116                android:value="androidx.startup" />
116-->[androidx.profileinstaller:profileinstaller:1.4.0] AndroidManifest.xml:31:17-49
117        </provider>
118
119        <receiver
119-->[androidx.profileinstaller:profileinstaller:1.4.0] AndroidManifest.xml:34:9-52:20
120            android:name="androidx.profileinstaller.ProfileInstallReceiver"
120-->[androidx.profileinstaller:profileinstaller:1.4.0] AndroidManifest.xml:35:13-76
121            android:directBootAware="false"
121-->[androidx.profileinstaller:profileinstaller:1.4.0] AndroidManifest.xml:36:13-44
122            android:enabled="true"
122-->[androidx.profileinstaller:profileinstaller:1.4.0] AndroidManifest.xml:37:13-35
123            android:exported="true"
123-->[androidx.profileinstaller:profileinstaller:1.4.0] AndroidManifest.xml:38:13-36
124            android:permission="android.permission.DUMP" >
124-->[androidx.profileinstaller:profileinstaller:1.4.0] AndroidManifest.xml:39:13-57
125            <intent-filter>
125-->[androidx.profileinstaller:profileinstaller:1.4.0] AndroidManifest.xml:40:13-42:29
126                <action android:name="androidx.profileinstaller.action.INSTALL_PROFILE" />
126-->[androidx.profileinstaller:profileinstaller:1.4.0] AndroidManifest.xml:41:17-91
126-->[androidx.profileinstaller:profileinstaller:1.4.0] AndroidManifest.xml:41:25-88
127            </intent-filter>
128            <intent-filter>
128-->[androidx.profileinstaller:profileinstaller:1.4.0] AndroidManifest.xml:43:13-45:29
129                <action android:name="androidx.profileinstaller.action.SKIP_FILE" />
129-->[androidx.profileinstaller:profileinstaller:1.4.0] AndroidManifest.xml:44:17-85
129-->[androidx.profileinstaller:profileinstaller:1.4.0] AndroidManifest.xml:44:25-82
130            </intent-filter>
131            <intent-filter>
131-->[androidx.profileinstaller:profileinstaller:1.4.0] AndroidManifest.xml:46:13-48:29
132                <action android:name="androidx.profileinstaller.action.SAVE_PROFILE" />
132-->[androidx.profileinstaller:profileinstaller:1.4.0] AndroidManifest.xml:47:17-88
132-->[androidx.profileinstaller:profileinstaller:1.4.0] AndroidManifest.xml:47:25-85
133            </intent-filter>
134            <intent-filter>
134-->[androidx.profileinstaller:profileinstaller:1.4.0] AndroidManifest.xml:49:13-51:29
135                <action android:name="androidx.profileinstaller.action.BENCHMARK_OPERATION" />
135-->[androidx.profileinstaller:profileinstaller:1.4.0] AndroidManifest.xml:50:17-95
135-->[androidx.profileinstaller:profileinstaller:1.4.0] AndroidManifest.xml:50:25-92
136            </intent-filter>
137        </receiver>
138    </application>
139
140</manifest>